Log file open, 09/26/14 19:11:19
LogInit:Display: Running engine for game: TutorialFPS
LogInit: Version: 4.4.3-2296771+++depot+UE4-Releases+4.4
LogInit: API Version: 2255576
LogInit: Compiled (64-bit): Sep 13 2014 22:30:58
LogInit: Build Configuration: Development
LogInit: Branch Name: ++depot+UE4-Releases+4.4
LogInit: Command line: 
LogInit: Base directory: C:/Program Files/Unreal Engine/4.4/Engine/Binaries/Win64/
LogInit: Rocket: 1
[2014.09.26-23.11.19:649][  0]LogTaskGraph: Started task graph with 3 named threads and 4 total threads.
[2014.09.26-23.11.19:677][  0]LogOnline:Warning: No default platform service specified for OnlineSubsystem
[2014.09.26-23.11.19:687][  0]LogInit: Presizing for 0 objects not considered by GC, pre-allocating 0 bytes.
[2014.09.26-23.11.19:694][  0]LogInit: Object subsystem initialized
[2014.09.26-23.11.19:695][  0]LogInit: Selected Device Profile: [Windows]
[2014.09.26-23.11.19:695][  0]LogInit: Applying CVar settings loaded from the selected device profile: [Windows]
[2014.09.26-23.11.19:701][  0]LogInit: Computer: THE-BATTLEAXE
[2014.09.26-23.11.19:701][  0]LogInit: User: TheUniverse
[2014.09.26-23.11.19:702][  0]LogInit: CPU Page size=4096, Cores=4
[2014.09.26-23.11.19:702][  0]LogInit: High frequency timer resolution =2.241035 MHz
[2014.09.26-23.11.19:702][  0]LogMemory: Memory total: Physical=7.8GB (8GB approx) Virtual=8192.0GB
[2014.09.26-23.11.19:703][  0]LogMemory: Platform Memory Stats for Windows
[2014.09.26-23.11.19:703][  0]LogMemory: Process Physical Memory: 64.20 MB used, 64.20 MB peak
[2014.09.26-23.11.19:703][  0]LogMemory: Process Virtual Memory: 39.68 MB used, 39.68 MB peak
[2014.09.26-23.11.19:703][  0]LogMemory: Physical Memory: 5188.02 MB used, 7973.54 MB total
[2014.09.26-23.11.19:703][  0]LogMemory: Virtual Memory: 264.29 MB used, 8388608.00 MB total
[2014.09.26-23.11.19:762][  0]LogD3D11RHI: Found D3D11 adapter 0: Intel(R) HD Graphics 4000 (Feature Level 11_0)
[2014.09.26-23.11.19:762][  0]LogD3D11RHI: Adapter has 64MB of dedicated video memory, 0MB of dedicated system memory, and 1632MB of shared system memory, 1 output[s]
[2014.09.26-23.11.19:762][  0]LogD3D11RHI: Chosen D3D11 Adapter Id = 0
[2014.09.26-23.11.19:768][  0]LogRHI: Texture pool is 616 MB (70% of 880 MB)
[2014.09.26-23.11.19:792][  0]LogD3D11RHI: Async texture creation enabled
[2014.09.26-23.11.19:892][  0]LogContentStreaming: Texture pool size is 0.000000MB
[2014.09.26-23.11.21:356][  0]LogTargetPlatformManager:Display: Building Assets For Windows
[2014.09.26-23.11.21:759][  0]LogTargetPlatformManager:Display: Building Assets For Windows
[2014.09.26-23.11.21:801][  0]LogDerivedDataCache:Display: Max Cache Size: 512 MB
[2014.09.26-23.11.21:851][  0]LogDerivedDataCache: Loaded boot cache 0.05s 39MB C:/Users/The Universe/AppData/Local/UnrealEngine/4.4/DerivedDataCache/Boot.ddc.
[2014.09.26-23.11.21:852][  0]LogDerivedDataCache:Display: Loaded Boot cache: C:/Users/The Universe/AppData/Local/UnrealEngine/4.4/DerivedDataCache/Boot.ddc
[2014.09.26-23.11.21:852][  0]LogDerivedDataCache: FDerivedDataBackendGraph:  Pak pak cache file ../../../../../../Users/The Universe/Documents/Unreal Projects/TutorialFPS/DerivedDataCache/DDC.ddp not found, will not use a pak cache.
[2014.09.26-23.11.21:852][  0]LogDerivedDataCache: Unable to find inner node Pak for hierarchical cache Hierarchy.
[2014.09.26-23.11.21:868][  0]LogDerivedDataCache:Display: Pak cache opened for reading ../../../Engine/DerivedDataCache/DDC.ddp.
[2014.09.26-23.11.21:879][  0]LogDerivedDataCache: Using Local data cache path C:/Users/The Universe/AppData/Local/UnrealEngine/4.4/DerivedDataCache: Writable
[2014.09.26-23.11.22:042][  0]LogMeshUtilities: No automatic mesh reduction module available
[2014.09.26-23.11.22:042][  0]LogMeshUtilities: No automatic mesh merging module available
[2014.09.26-23.11.22:374][  0]LogInit: WinSock: version 1.1 (2.2), MaxSocks=32767, MaxUdp=65467
[2014.09.26-23.11.23:099][  0]LogStats:Warning: MetaData mismatch. Did you assign a stat to two groups? New //STATGROUP_Threads//FMonitoredProcess///Thread_15d0_0///////STATCAT_Advanced//// old //STATGROUP_Threads//FMonitoredProcess///Thread_16a8_0///////STATCAT_Advanced////
[2014.09.26-23.11.23:099][  0]UdpMessaging: Initializing bridge on interface 0.0.0.0:0 to multicast group 230.0.0.1:6666.
[2014.09.26-23.11.23:223][  0]SourceControl: Info Source control is disabled
[2014.09.26-23.11.23:223][  0]SourceControl: Info Source control is disabled
[2014.09.26-23.11.23:230][  0]SourceControl: Info Source control is disabled
[2014.09.26-23.11.23:414][  0]BlueprintLog: New page: Editor Load
[2014.09.26-23.11.23:516][  0]LogObj: 21448 objects as part of root set at end of initial load.
[2014.09.26-23.11.23:516][  0]LogUObjectAllocator: 4227840 out of 0 bytes used by permanent object pool.
[2014.09.26-23.11.23:668][  0]LogEngine: Initializing Engine...
[2014.09.26-23.11.23:766][  0]LogInit: XAudio2 using 'Speakers (Realtek High Definition Audio)' : 2 channels at 48 kHz using 32 bits per sample (channel mask 0x3)
[2014.09.26-23.11.23:794][  0]LogInit: FAudioDevice initialized.
[2014.09.26-23.11.23:812][  0]LogAIModule: Creating AISystem for world NewWorld
[2014.09.26-23.11.23:835][  0]LogDerivedDataCache: Saved boot cache 0.02s 39MB C:/Users/The Universe/AppData/Local/UnrealEngine/4.4/DerivedDataCache/Boot.ddc.
[2014.09.26-23.11.23:837][  0]LogInit: Texture streaming: Enabled
[2014.09.26-23.11.23:869][  0]LogInit: Transaction tracking system initialized
[2014.09.26-23.11.23:979][  0]LogAssetRegistry: FAssetRegistry took 0.0095 seconds to start up
[2014.09.26-23.11.24:425][  0]LogTargetPlatformManager:Display: Building Assets For Windows
[2014.09.26-23.11.24:752][  0]LogTargetPlatformManager:Display: Building Assets For Windows
[2014.09.26-23.11.24:886][  0]LogConsoleResponse:Display: 
[2014.09.26-23.11.25:058][  0]LogStats:Warning: MetaData mismatch. Did you assign a stat to two groups? New //STATGROUP_Threads//FMonitoredProcess///Thread_126c_0///////STATCAT_Advanced//// old //STATGROUP_Threads//FMonitoredProcess///Thread_16a8_0///////STATCAT_Advanced////
[2014.09.26-23.11.25:058][  0]LogStats:Warning: MetaData mismatch. Did you assign a stat to two groups? New //STATGROUP_Threads//FMonitoredProcess///Thread_229c_0///////STATCAT_Advanced//// old //STATGROUP_Threads//FMonitoredProcess///Thread_16a8_0///////STATCAT_Advanced////
[2014.09.26-23.11.25:058][  0]SourceControl: Info Source control is disabled
[2014.09.26-23.11.25:058][  0]Cmd: MAP LOAD FILE="../../../Engine/Content/Maps/Templates/Template_Default.umap" TEMPLATE=1 SHOWPROGRESS=1
[2014.09.26-23.11.25:058][  0]LightingResults: New page: Lighting Build
[2014.09.26-23.11.25:067][  0]MapCheck: New page: Map Check
[2014.09.26-23.11.25:067][  0]LightingResults: New page: Lighting Build
[2014.09.26-23.11.25:079][  0]LogParticles: Destroying 0 GPU particle simulations for FXSystem 0x00000000185CD300
[2014.09.26-23.11.25:234][  0]LogEditorServer: Finished looking for orphan Actors (0.000 secs)
[2014.09.26-23.11.25:234][  0]LogAIModule: Creating AISystem for world Template_Default
[2014.09.26-23.11.25:235][  0]Cmd: MAP CHECKDEP
[2014.09.26-23.11.25:235][  0]MapCheck: New page: Untitled_1 - Sep 26, 2014, 3:11:25 PM
[2014.09.26-23.11.25:321][  0]MapCheck: Info ========== Map Check: 0 Error(s), 0 Warning(s), [86.648ms] ==========
[2014.09.26-23.11.25:321][  0]LogFileHelpers: Loading map 'Template_Default' took 0.264
[2014.09.26-23.11.25:424][  0]LogCollectionManager: Loaded 0 collections in 0.000907 seconds
[2014.09.26-23.11.25:437][  0]LogContentBrowser:Verbose: The content browser source was changed by the sources view to '/Game'
[2014.09.26-23.11.25:505][  0]LogCrashTracker: Crashtracker disabled due to settings.
[2014.09.26-23.11.25:561][  0]LogLoad: Full Startup: 6.71 seconds (BP compile: 0.05 seconds)
[2014.09.26-23.11.25:747][  0]LogRenderer:Warning: Reallocating scene render targets to support 944x720.
[2014.09.26-23.11.26:026][  1]LogAssetRegistry: Asset discovery search completed in 2.0575 seconds
[2014.09.26-23.14.57:619][607]LogEditorViewport: Clicking on Actor (LMB): BP_Sky_Sphere_C (BP_Sky_Shere)
[2014.09.26-23.15.03:081][877]LogPlayLevel: PIE:  No blueprints needed recompiling
[2014.09.26-23.15.03:081][877]PIE: New page: PIE session: Untitled_1 (Sep 26, 2014, 3:15:03 PM)
[2014.09.26-23.15.03:083][877]LogPlayLevel: PIE: StaticDuplicateObject took: (0.001664s)
[2014.09.26-23.15.03:084][877]LogPlayLevel: PIE: World Init took: (0.000627s)
[2014.09.26-23.15.03:084][877]LogPlayLevel: PIE: Created PIE world by copying editor world from /Temp/Untitled_1.Template_Default to /Temp/UEDPIE_0_Untitled_1.Template_Default (0.002455s)
[2014.09.26-23.15.03:125][877]LogWorld: Game class is 'FPSGameMode'
[2014.09.26-23.15.03:126][877]LogAIModule: Creating AISystem for world Template_Default
[2014.09.26-23.15.03:127][877]LogWorld: Bringing World /Temp/UEDPIE_0_Untitled_1.Template_Default up for play (max tick rate 60) at 2014.09.26-19.15.03
[2014.09.26-23.15.03:127][877]LogWorld: Bringing up level for play took: 0.001037
[2014.09.26-23.15.03:128][877]PIE: Info Play in editor start time for /Temp/UEDPIE_0_Untitled_1 -0.503
[2014.09.26-23.15.04:624][956]LogParticles: Destroying 0 GPU particle simulations for FXSystem 0x0000000013045F80
[2014.09.26-23.15.44:334][972]Cmd: QUIT_EDITOR
[2014.09.26-23.15.44:480][972]LogWindowsTextInputMethodSystem:Error: Terminating failed while unadvising the language notification sink from the TSF source.
[2014.09.26-23.15.44:481][972]LogExit: Preparing to exit.
[2014.09.26-23.15.45:212][972]LogExit: Editor shut down
[2014.09.26-23.15.45:212][972]LogExit: Transaction tracking system shut down
[2014.09.26-23.15.45:212][972]LogParticles: Destroying 0 GPU particle simulations for FXSystem 0x000000001D4780E0
[2014.09.26-23.15.45:228][972]LogExit: Object subsystem successfully closed.
[2014.09.26-23.15.45:272][972]LogModuleManager: Shutting down and abandoning module ExternalImagePicker (163)
[2014.09.26-23.15.45:272][972]LogModuleManager: Shutting down and abandoning module AndroidDeviceDetection (162)
[2014.09.26-23.15.45:272][972]LogModuleManager: Shutting down and abandoning module HTTP (161)
[2014.09.26-23.15.45:272][972]LogModuleManager: Shutting down and abandoning module CrashTracker (160)
[2014.09.26-23.15.45:272][972]LogModuleManager: Shutting down and abandoning module SuperSearch (159)
[2014.09.26-23.15.45:272][972]LogModuleManager: Shutting down and abandoning module SceneOutliner (158)
[2014.09.26-23.15.45:272][972]LogModuleManager: Shutting down and abandoning module EditorWidgets (157)
[2014.09.26-23.15.45:272][972]LogModuleManager: Shutting down and abandoning module CollectionManager (156)
[2014.09.26-23.15.45:272][972]LogModuleManager: Shutting down and abandoning module StatsViewer (155)
[2014.09.26-23.15.45:272][972]LogModuleManager: Shutting down and abandoning module FoliageEdit (154)
[2014.09.26-23.15.45:272][972]LogModuleManager: Shutting down and abandoning module LandscapeEditor (153)
[2014.09.26-23.15.45:272][972]LogModuleManager: Shutting down and abandoning module MeshPaint (152)
[2014.09.26-23.15.45:272][972]LogModuleManager: Shutting down and abandoning module ActorPickerMode (151)
[2014.09.26-23.15.45:272][972]LogModuleManager: Shutting down and abandoning module GeometryMode (150)
[2014.09.26-23.15.45:272][972]LogModuleManager: Shutting down and abandoning module TextureAlignMode (149)
[2014.09.26-23.15.45:272][972]LogModuleManager: Shutting down and abandoning module BspMode (148)
[2014.09.26-23.15.45:272][972]LogModuleManager: Shutting down and abandoning module PlacementMode (147)
[2014.09.26-23.15.45:272][972]LogModuleManager: Shutting down and abandoning module DesktopPlatform (146)
[2014.09.26-23.15.45:272][972]LogModuleManager: Shutting down and abandoning module AutomationWorker (145)
[2014.09.26-23.15.45:272][972]LogModuleManager: Shutting down and abandoning module EditorLiveStreaming (144)
[2014.09.26-23.15.45:272][972]LogModuleManager: Shutting down and abandoning module BehaviorTreeEditor (143)
[2014.09.26-23.15.45:272][972]LogModuleManager: Shutting down and abandoning module DeviceProfileEditor (142)
[2014.09.26-23.15.45:272][972]LogModuleManager: Shutting down and abandoning module UndoHistory (141)
[2014.09.26-23.15.45:272][972]LogModuleManager: Shutting down and abandoning module GameplayTagsEditor (140)
[2014.09.26-23.15.45:272][972]LogModuleManager: Shutting down and abandoning module UserFeedback (139)
[2014.09.26-23.15.45:272][972]LogModuleManager: Shutting down and abandoning module XmlParser (138)
[2014.09.26-23.15.45:272][972]LogModuleManager: Shutting down and abandoning module Blutility (137)
[2014.09.26-23.15.45:272][972]LogModuleManager: Shutting down and abandoning module IOSPlatformEditor (136)
[2014.09.26-23.15.45:272][972]LogModuleManager: Shutting down and abandoning module IOSRuntimeSettings (135)
[2014.09.26-23.15.45:272][972]LogModuleManager: Shutting down and abandoning module AndroidPlatformEditor (134)
[2014.09.26-23.15.45:272][972]LogModuleManager: Shutting down and abandoning module AndroidRuntimeSettings (133)
[2014.09.26-23.15.45:273][972]LogModuleManager: Shutting down and abandoning module ProjectTargetPlatformEditor (132)
[2014.09.26-23.15.45:273][972]LogModuleManager: Shutting down and abandoning module ProjectSettingsViewer (131)
[2014.09.26-23.15.45:273][972]LogModuleManager: Shutting down and abandoning module InputBindingEditor (130)
[2014.09.26-23.15.45:273][972]LogModuleManager: Shutting down and abandoning module EditorSettingsViewer (129)
[2014.09.26-23.15.45:273][972]LogModuleManager: Shutting down and abandoning module SettingsEditor (128)
[2014.09.26-23.15.45:273][972]LogModuleManager: Shutting down and abandoning module SessionLauncher (127)
[2014.09.26-23.15.45:273][972]LogModuleManager: Shutting down and abandoning module SessionFrontend (126)
[2014.09.26-23.15.45:273][972]LogModuleManager: Shutting down and abandoning module ProfilerClient (125)
[2014.09.26-23.15.45:273][972]LogModuleManager: Shutting down and abandoning module TargetDeviceServices (124)
[2014.09.26-23.15.45:273][972]LogModuleManager: Shutting down and abandoning module DeviceManager (123)
[2014.09.26-23.15.45:273][972]LogModuleManager: Shutting down and abandoning module AutomationController (122)
[2014.09.26-23.15.45:273][972]LogModuleManager: Shutting down and abandoning module AutomationWindow (121)
[2014.09.26-23.15.45:273][972]LogModuleManager: Shutting down and abandoning module Layers (120)
[2014.09.26-23.15.45:273][972]LogModuleManager: Shutting down and abandoning module ComponentVisualizers (119)
[2014.09.26-23.15.45:273][972]LogModuleManager: Shutting down and abandoning module DetailCustomizations (118)
[2014.09.26-23.15.45:273][972]LogModuleManager: Shutting down and abandoning module PackagesDialog (117)
[2014.09.26-23.15.45:273][972]LogModuleManager: Shutting down and abandoning module DirectoryWatcher (116)
[2014.09.26-23.15.45:273][972]LogModuleManager: Shutting down and abandoning module AssetRegistry (115)
[2014.09.26-23.15.45:364][972]LogModuleManager: Shutting down and abandoning module Persona (114)
[2014.09.26-23.15.45:364][972]LogModuleManager: Shutting down and abandoning module GraphEditor (113)
[2014.09.26-23.15.45:364][972]LogModuleManager: Shutting down and abandoning module ClassViewer (112)
[2014.09.26-23.15.45:364][972]LogModuleManager: Shutting down and abandoning module Toolbox (111)
[2014.09.26-23.15.45:364][972]LogModuleManager: Shutting down and abandoning module ModuleUI (110)
[2014.09.26-23.15.45:364][972]LogModuleManager: Shutting down and abandoning module Sequencer (109)
[2014.09.26-23.15.45:364][972]LogModuleManager: Shutting down and abandoning module MovieSceneTools (108)
[2014.09.26-23.15.45:364][972]LogModuleManager: Shutting down and abandoning module OutputLog (107)
[2014.09.26-23.15.45:364][972]LogModuleManager: Shutting down and abandoning module GammaUI (106)
[2014.09.26-23.15.45:364][972]LogModuleManager: Shutting down and abandoning module Documentation (105)
[2014.09.26-23.15.45:364][972]LogModuleManager: Shutting down and abandoning module GameLiveStreaming (104)
[2014.09.26-23.15.45:364][972]LogModuleManager: Shutting down and abandoning module StreamingPauseRendering (103)
[2014.09.26-23.15.45:364][972]LogModuleManager: Shutting down and abandoning module AnalyticsET (102)
[2014.09.26-23.15.45:364][972]LogModuleManager: Shutting down and abandoning module Analytics (101)
[2014.09.26-23.15.45:364][972]LogModuleManager: Shutting down and abandoning module GameplayDebugger (100)
[2014.09.26-23.15.45:364][972]LogModuleManager: Shutting down and abandoning module AIModule (99)
[2014.09.26-23.15.45:364][972]LogModuleManager: Shutting down and abandoning module ProfilerService (98)
[2014.09.26-23.15.45:556][972]LogModuleManager: Shutting down and abandoning module TaskGraph (97)
[2014.09.26-23.15.45:556][972]LogModuleManager: Shutting down and abandoning module SlateRemote (96)
[2014.09.26-23.15.45:556][972]LogModuleManager: Shutting down and abandoning module ScriptEditorPlugin (95)
[2014.09.26-23.15.45:556][972]LogModuleManager: Shutting down and abandoning module CustomMeshComponent (94)
[2014.09.26-23.15.45:556][972]LogModuleManager: Shutting down and abandoning module CableComponent (93)
[2014.09.26-23.15.45:556][972]LogModuleManager: Shutting down and abandoning module MessagingDebugger (92)
[2014.09.26-23.15.45:556][972]LogModuleManager: Shutting down and abandoning module ViewportSnapping (91)
[2014.09.26-23.15.45:556][972]LogModuleManager: Shutting down and abandoning module SmartSnapping (90)
[2014.09.26-23.15.45:556][972]LogModuleManager: Shutting down and abandoning module PaperTiledImporter (89)
[2014.09.26-23.15.45:556][972]LogModuleManager: Shutting down and abandoning module PaperJsonImporter (88)
[2014.09.26-23.15.45:556][972]LogModuleManager: Shutting down and abandoning module GameProjectGeneration (87)
[2014.09.26-23.15.45:556][972]LogModuleManager: Shutting down and abandoning module Matinee (86)
[2014.09.26-23.15.45:556][972]LogModuleManager: Shutting down and abandoning module Kismet (85)
[2014.09.26-23.15.45:556][972]LogModuleManager: Shutting down and abandoning module SlateReflector (84)
[2014.09.26-23.15.45:556][972]LogModuleManager: Shutting down and abandoning module LevelEditor (83)
[2014.09.26-23.15.45:557][972]LogModuleManager: Shutting down and abandoning module IntroTutorials (82)
[2014.09.26-23.15.45:557][972]LogModuleManager: Shutting down and abandoning module ContentBrowser (81)
[2014.09.26-23.15.45:557][972]LogModuleManager: Shutting down and abandoning module PropertyEditor (80)
[2014.09.26-23.15.45:557][972]LogModuleManager: Shutting down and abandoning module AssetTools (79)
[2014.09.26-23.15.45:557][972]LogModuleManager: Shutting down and abandoning module Paper2DEditor (78)
[2014.09.26-23.15.45:557][972]LogModuleManager: Shutting down and abandoning module SpeedTreeImporter (77)
[2014.09.26-23.15.45:557][972]LogModuleManager: Shutting down and abandoning module PluginsEditor (76)
[2014.09.26-23.15.45:557][972]LogModuleManager: Shutting down and abandoning module MainFrame (75)
[2014.09.26-23.15.45:557][972]LogModuleManager: Shutting down and abandoning module EpicSurvey (74)
[2014.09.26-23.15.45:557][972]LogModuleManager: Shutting down and abandoning module VisualStudioSourceCodeAccess (73)
[2014.09.26-23.15.45:557][972]LogModuleManager: Shutting down and abandoning module UObjectPlugin (72)
[2014.09.26-23.15.45:557][972]LogModuleManager: Shutting down and abandoning module SubversionSourceControl (71)
[2014.09.26-23.15.45:557][972]LogModuleManager: Shutting down and abandoning module SourceControl (70)
[2014.09.26-23.15.45:557][972]LogModuleManager: Shutting down and abandoning module PerforceSourceControl (69)
[2014.09.26-23.15.45:557][972]LogModuleManager: Shutting down and abandoning module BlankPlugin (68)
[2014.09.26-23.15.45:557][972]LogModuleManager: Shutting down and abandoning module TutorialFPS (67)
[2014.09.26-23.15.45:557][972]LogModuleManager: Shutting down and abandoning module ScriptPlugin (66)
[2014.09.26-23.15.45:557][972]LogModuleManager: Shutting down and abandoning module UdpMessaging (65)
[2014.09.26-23.15.45:657][972]LogModuleManager: Shutting down and abandoning module Paper2D (64)
[2014.09.26-23.15.45:657][972]LogModuleManager: Shutting down and abandoning module WindowsMoviePlayer (63)
[2014.09.26-23.15.45:659][972]LogModuleManager: Shutting down and abandoning module ImageWrapper (62)
[2014.09.26-23.15.45:660][972]LogModuleManager: Shutting down and abandoning module OnlineBlueprintSupport (61)
[2014.09.26-23.15.45:660][972]LogModuleManager: Shutting down and abandoning module FunctionalTesting (60)
[2014.09.26-23.15.45:660][972]LogModuleManager: Shutting down and abandoning module CollisionAnalyzer (59)
[2014.09.26-23.15.45:660][972]LogModuleManager: Shutting down and abandoning module WorkspaceMenuStructure (58)
[2014.09.26-23.15.45:660][972]LogModuleManager: Shutting down and abandoning module MessageLog (57)
[2014.09.26-23.15.45:660][972]LogModuleManager: Shutting down and abandoning module UMGEditor (56)
[2014.09.26-23.15.45:660][972]LogModuleManager: Shutting down and abandoning module UMG (55)
[2014.09.26-23.15.45:660][972]LogModuleManager: Shutting down and abandoning module Slate (54)
[2014.09.26-23.15.45:660][972]LogModuleManager: Shutting down and abandoning module EditorStyle (53)
[2014.09.26-23.15.45:661][972]LogModuleManager: Shutting down and abandoning module SessionServices (52)
[2014.09.26-23.15.45:661][972]LogModuleManager: Shutting down and abandoning module SourceCodeAccess (51)
[2014.09.26-23.15.45:661][972]LogModuleManager: Shutting down and abandoning module HeadMountedDisplay (50)
[2014.09.26-23.15.45:661][972]LogModuleManager: Shutting down and abandoning module XAudio2 (49)
[2014.09.26-23.15.45:661][972]LogModuleManager: Shutting down and abandoning module Networking (47)
[2014.09.26-23.15.45:661][972]LogModuleManager: Shutting down and abandoning module Core (46)
[2014.09.26-23.15.45:661][972]LogModuleManager: Shutting down and abandoning module KismetCompiler (45)
[2014.09.26-23.15.45:661][972]LogModuleManager: Shutting down and abandoning module PhysXFormats (44)
[2014.09.26-23.15.45:661][972]LogModuleManager: Shutting down and abandoning module MeshUtilities (43)
[2014.09.26-23.15.45:661][972]LogModuleManager: Shutting down and abandoning module DerivedDataCache (42)
[2014.09.26-23.15.45:666][972]LogDerivedDataCache: Shutdown
[2014.09.26-23.15.45:666][972]LogModuleManager: Shutting down and abandoning module ShaderFormatOpenGL (41)
[2014.09.26-23.15.45:666][972]LogModuleManager: Shutting down and abandoning module ShaderFormatD3D (40)
[2014.09.26-23.15.45:666][972]LogModuleManager: Shutting down and abandoning module MetalShaderFormat (39)
[2014.09.26-23.15.45:666][972]LogModuleManager: Shutting down and abandoning module TextureFormatUncompressed (38)
[2014.09.26-23.15.45:666][972]LogModuleManager: Shutting down and abandoning module TextureFormatPVR (37)
[2014.09.26-23.15.45:666][972]LogModuleManager: Shutting down and abandoning module TextureFormatDXT (36)
[2014.09.26-23.15.45:666][972]LogModuleManager: Shutting down and abandoning module TextureFormatAndroid (35)
[2014.09.26-23.15.45:666][972]LogModuleManager: Shutting down and abandoning module AudioFormatOpus (34)
[2014.09.26-23.15.45:666][972]LogModuleManager: Shutting down and abandoning module AudioFormatOgg (33)
[2014.09.26-23.15.45:666][972]LogModuleManager: Shutting down and abandoning module AudioFormatADPCM (32)
[2014.09.26-23.15.45:666][972]LogModuleManager: Shutting down and abandoning module Messaging (31)
[2014.09.26-23.15.45:666][972]LogModuleManager: Shutting down and abandoning module IOSTargetPlatform (30)
[2014.09.26-23.15.45:666][972]LogModuleManager: Shutting down and abandoning module Android_PVRTCTargetPlatform (29)
[2014.09.26-23.15.45:666][972]LogModuleManager: Shutting down and abandoning module Android_ETC2TargetPlatform (28)
[2014.09.26-23.15.45:666][972]LogModuleManager: Shutting down and abandoning module Android_ETC1TargetPlatform (27)
[2014.09.26-23.15.45:666][972]LogModuleManager: Shutting down and abandoning module Android_DXTTargetPlatform (26)
[2014.09.26-23.15.45:666][972]LogModuleManager: Shutting down and abandoning module Android_ATCTargetPlatform (25)
[2014.09.26-23.15.45:666][972]LogModuleManager: Shutting down and abandoning module AndroidTargetPlatform (24)
[2014.09.26-23.15.45:666][972]LogModuleManager: Shutting down and abandoning module WindowsTargetPlatform (23)
[2014.09.26-23.15.45:666][972]LogModuleManager: Shutting down and abandoning module WindowsServerTargetPlatform (22)
[2014.09.26-23.15.45:666][972]LogModuleManager: Shutting down and abandoning module WindowsNoEditorTargetPlatform (21)
[2014.09.26-23.15.45:666][972]LogModuleManager: Shutting down and abandoning module WindowsClientTargetPlatform (20)
[2014.09.26-23.15.45:666][972]LogModuleManager: Shutting down and abandoning module TargetPlatform (19)
[2014.09.26-23.15.45:666][972]LogModuleManager: Shutting down and abandoning module InputCore (18)
[2014.09.26-23.15.45:666][972]LogModuleManager: Shutting down and abandoning module Settings (17)
[2014.09.26-23.15.45:666][972]LogModuleManager: Shutting down and abandoning module ExampleDeviceProfileSelector (14)
[2014.09.26-23.15.45:666][972]LogModuleManager: Shutting down and abandoning module OculusRift (13)
[2014.09.26-23.15.45:666][972]LogModuleManager: Shutting down and abandoning module TextureCompressor (12)
[2014.09.26-23.15.45:666][972]LogModuleManager: Shutting down and abandoning module ShaderCore (11)
[2014.09.26-23.15.45:666][972]LogModuleManager: Shutting down and abandoning module OpenGLDrv (10)
[2014.09.26-23.15.45:666][972]LogModuleManager: Shutting down and abandoning module D3D11RHI (9)
[2014.09.26-23.15.45:666][972]LogModuleManager: Shutting down and abandoning module SlateRHIRenderer (8)
[2014.09.26-23.15.45:666][972]LogModuleManager: Shutting down and abandoning module Renderer (7)
[2014.09.26-23.15.45:666][972]LogModuleManager: Shutting down and abandoning module Engine (6)
[2014.09.26-23.15.45:666][972]LogModuleManager: Shutting down and abandoning module CoreUObject (5)
[2014.09.26-23.15.45:666][972]LogModuleManager: Shutting down and abandoning module NetworkFile (4)
[2014.09.26-23.15.45:666][972]LogModuleManager: Shutting down and abandoning module StreamingFile (3)
[2014.09.26-23.15.45:666][972]LogModuleManager: Shutting down and abandoning module SandboxFile (2)
[2014.09.26-23.15.45:666][972]LogModuleManager: Shutting down and abandoning module PakFile (1)
[2014.09.26-23.15.45:666][972]LogExit: Exiting.
[2014.09.26-23.15.45:673][972]Log file closed, 09/26/14 19:15:45
